::1 - - [09/May/2018:21:30:10 +0000] "GET /entries HTTP/1.1" 200 1390
::1 - - [09/May/2018:21:30:51 +0000] "GET /entries HTTP/1.1" 200 1390
::1 - - [09/May/2018:21:30:54 +0000] "GET /entries HTTP/1.1" 304 -
::1 - - [09/May/2018:21:30:55 +0000] "GET /entries HTTP/1.1" 304 -
::1 - - [09/May/2018:21:34:09 +0000] "GET /entries HTTP/1.1" 304 -
::1 - - [09/May/2018:21:36:39 +0000] "GET /entries HTTP/1.1" 304 - "http://localhost:3000/" "Mozilla/5.0 (Macintosh; Intel Mac OS X 10_13_4) AppleWebKit/537.36 (KHTML, like Gecko) Chrome/65.0.3325.181 Safari/537.36"
::1 - - [09/May/2018:23:18:45 +0000] "GET /entries HTTP/1.1" 304 - "-" "Mozilla/5.0 (Macintosh; Intel Mac OS X 10_13_4) AppleWebKit/537.36 (KHTML, like Gecko) Chrome/65.0.3325.181 Safari/537.36"
::1 - - [09/May/2018:23:18:57 +0000] "GET /entries HTTP/1.1" 304 - "-" "Mozilla/5.0 (Macintosh; Intel Mac OS X 10_13_4) AppleWebKit/537.36 (KHTML, like Gecko) Chrome/65.0.3325.181 Safari/537.36"
::1 - - [09/May/2018:23:19:01 +0000] "GET /entries HTTP/1.1" 304 - "-" "Mozilla/5.0 (Macintosh; Intel Mac OS X 10_13_4) AppleWebKit/537.36 (KHTML, like Gecko) Chrome/65.0.3325.181 Safari/537.36"
::1 - - [09/May/2018:23:19:05 +0000] "GET / HTTP/1.1" 404 139 "-" "Mozilla/5.0 (Macintosh; Intel Mac OS X 10_13_4) AppleWebKit/537.36 (KHTML, like Gecko) Chrome/65.0.3325.181 Safari/537.36"
::1 - - [09/May/2018:23:19:10 +0000] "GET /entries HTTP/1.1" 304 - "-" "Mozilla/5.0 (Macintosh; Intel Mac OS X 10_13_4) AppleWebKit/537.36 (KHTML, like Gecko) Chrome/65.0.3325.181 Safari/537.36"
::1 - - [09/May/2018:23:53:38 +0000] "GET /entries HTTP/1.1" 200 45 "http://localhost:3000/" "Mozilla/5.0 (Macintosh; Intel Mac OS X 10_13_4) AppleWebKit/537.36 (KHTML, like Gecko) Chrome/65.0.3325.181 Safari/537.36"
::1 - - [09/May/2018:23:53:42 +0000] "GET / HTTP/1.1" 404 139 "-" "Mozilla/5.0 (Macintosh; Intel Mac OS X 10_13_4) AppleWebKit/537.36 (KHTML, like Gecko) Chrome/65.0.3325.181 Safari/537.36"
::1 - - [09/May/2018:23:53:47 +0000] "GET /entries HTTP/1.1" 304 - "-" "Mozilla/5.0 (Macintosh; Intel Mac OS X 10_13_4) AppleWebKit/537.36 (KHTML, like Gecko) Chrome/65.0.3325.181 Safari/537.36"
::1 - - [09/May/2018:23:54:43 +0000] "GET /entries HTTP/1.1" 304 - "-" "Mozilla/5.0 (Macintosh; Intel Mac OS X 10_13_4) AppleWebKit/537.36 (KHTML, like Gecko) Chrome/65.0.3325.181 Safari/537.36"
::1 - - [09/May/2018:23:55:09 +0000] "GET /entries HTTP/1.1" 200 45 "-" "Mozilla/5.0 (Macintosh; Intel Mac OS X 10_13_4) AppleWebKit/537.36 (KHTML, like Gecko) Chrome/66.0.3359.139 Safari/537.36"
::1 - - [09/May/2018:23:55:09 +0000] "GET /favicon.ico HTTP/1.1" 404 150 "http://localhost:3001/entries" "Mozilla/5.0 (Macintosh; Intel Mac OS X 10_13_4) AppleWebKit/537.36 (KHTML, like Gecko) Chrome/66.0.3359.139 Safari/537.36"
::1 - - [10/May/2018:00:03:01 +0000] "GET /entries HTTP/1.1" 200 1390 "-" "Mozilla/5.0 (Macintosh; Intel Mac OS X 10_13_4) AppleWebKit/537.36 (KHTML, like Gecko) Chrome/66.0.3359.139 Safari/537.36"
::1 - - [10/May/2018:00:03:19 +0000] "GET /entries HTTP/1.1" 304 - "http://localhost:3000/" "Mozilla/5.0 (Macintosh; Intel Mac OS X 10_13_4) AppleWebKit/537.36 (KHTML, like Gecko) Chrome/66.0.3359.139 Safari/537.36"
::1 - - [10/May/2018:00:03:26 +0000] "OPTIONS /addEntry HTTP/1.1" 200 4 "http://localhost:3000/" "Mozilla/5.0 (Macintosh; Intel Mac OS X 10_13_4) AppleWebKit/537.36 (KHTML, like Gecko) Chrome/66.0.3359.139 Safari/537.36"
::1 - - [10/May/2018:00:03:26 +0000] "POST /addEntry HTTP/1.1" 200 157 "http://localhost:3000/" "Mozilla/5.0 (Macintosh; Intel Mac OS X 10_13_4) AppleWebKit/537.36 (KHTML, like Gecko) Chrome/66.0.3359.139 Safari/537.36"
::1 - - [10/May/2018:00:03:26 +0000] "GET /entries HTTP/1.1" 200 1548 "http://localhost:3000/" "Mozilla/5.0 (Macintosh; Intel Mac OS X 10_13_4) AppleWebKit/537.36 (KHTML, like Gecko) Chrome/66.0.3359.139 Safari/537.36"
::1 - - [10/May/2018:00:03:28 +0000] "GET /entries HTTP/1.1" 304 - "-" "Mozilla/5.0 (Macintosh; Intel Mac OS X 10_13_4) AppleWebKit/537.36 (KHTML, like Gecko) Chrome/66.0.3359.139 Safari/537.36"
::1 - - [10/May/2018:00:03:37 +0000] "OPTIONS /updateEntry HTTP/1.1" 200 3 "http://localhost:3000/" "Mozilla/5.0 (Macintosh; Intel Mac OS X 10_13_4) AppleWebKit/537.36 (KHTML, like Gecko) Chrome/66.0.3359.139 Safari/537.36"
::1 - - [10/May/2018:00:03:37 +0000] "PUT /updateEntry HTTP/1.1" 200 157 "http://localhost:3000/" "Mozilla/5.0 (Macintosh; Intel Mac OS X 10_13_4) AppleWebKit/537.36 (KHTML, like Gecko) Chrome/66.0.3359.139 Safari/537.36"
::1 - - [10/May/2018:00:03:37 +0000] "GET /entries HTTP/1.1" 200 1550 "http://localhost:3000/" "Mozilla/5.0 (Macintosh; Intel Mac OS X 10_13_4) AppleWebKit/537.36 (KHTML, like Gecko) Chrome/66.0.3359.139 Safari/537.36"
::1 - - [10/May/2018:00:03:39 +0000] "OPTIONS /deleteEntry HTTP/1.1" 200 6 "http://localhost:3000/" "Mozilla/5.0 (Macintosh; Intel Mac OS X 10_13_4) AppleWebKit/537.36 (KHTML, like Gecko) Chrome/66.0.3359.139 Safari/537.36"
::1 - - [10/May/2018:00:03:39 +0000] "DELETE /deleteEntry HTTP/1.1" 200 159 "http://localhost:3000/" "Mozilla/5.0 (Macintosh; Intel Mac OS X 10_13_4) AppleWebKit/537.36 (KHTML, like Gecko) Chrome/66.0.3359.139 Safari/537.36"
::1 - - [10/May/2018:00:03:39 +0000] "GET /entries HTTP/1.1" 200 1390 "http://localhost:3000/" "Mozilla/5.0 (Macintosh; Intel Mac OS X 10_13_4) AppleWebKit/537.36 (KHTML, like Gecko) Chrome/66.0.3359.139 Safari/537.36"
::1 - - [10/May/2018:00:05:09 +0000] "GET /entries HTTP/1.1" 304 - "-" "Mozilla/5.0 (Macintosh; Intel Mac OS X 10_13_4) AppleWebKit/537.36 (KHTML, like Gecko) Chrome/66.0.3359.139 Safari/537.36"
::1 - - [10/May/2018:00:05:22 +0000] "OPTIONS /addEntry HTTP/1.1" 200 4 "http://localhost:3000/" "Mozilla/5.0 (Macintosh; Intel Mac OS X 10_13_4) AppleWebKit/537.36 (KHTML, like Gecko) Chrome/66.0.3359.139 Safari/537.36"
::1 - - [10/May/2018:00:05:22 +0000] "POST /addEntry HTTP/1.1" 200 160 "http://localhost:3000/" "Mozilla/5.0 (Macintosh; Intel Mac OS X 10_13_4) AppleWebKit/537.36 (KHTML, like Gecko) Chrome/66.0.3359.139 Safari/537.36"
::1 - - [10/May/2018:00:05:22 +0000] "GET /entries HTTP/1.1" 200 1551 "http://localhost:3000/" "Mozilla/5.0 (Macintosh; Intel Mac OS X 10_13_4) AppleWebKit/537.36 (KHTML, like Gecko) Chrome/66.0.3359.139 Safari/537.36"
::1 - - [10/May/2018:00:05:27 +0000] "OPTIONS /updateEntry HTTP/1.1" 200 3 "http://localhost:3000/" "Mozilla/5.0 (Macintosh; Intel Mac OS X 10_13_4) AppleWebKit/537.36 (KHTML, like Gecko) Chrome/66.0.3359.139 Safari/537.36"
::1 - - [10/May/2018:00:05:27 +0000] "PUT /updateEntry HTTP/1.1" 200 160 "http://localhost:3000/" "Mozilla/5.0 (Macintosh; Intel Mac OS X 10_13_4) AppleWebKit/537.36 (KHTML, like Gecko) Chrome/66.0.3359.139 Safari/537.36"
::1 - - [10/May/2018:00:05:27 +0000] "GET /entries HTTP/1.1" 200 1555 "http://localhost:3000/" "Mozilla/5.0 (Macintosh; Intel Mac OS X 10_13_4) AppleWebKit/537.36 (KHTML, like Gecko) Chrome/66.0.3359.139 Safari/537.36"
::1 - - [10/May/2018:00:05:29 +0000] "OPTIONS /deleteEntry HTTP/1.1" 200 6 "http://localhost:3000/" "Mozilla/5.0 (Macintosh; Intel Mac OS X 10_13_4) AppleWebKit/537.36 (KHTML, like Gecko) Chrome/66.0.3359.139 Safari/537.36"
::1 - - [10/May/2018:00:05:29 +0000] "DELETE /deleteEntry HTTP/1.1" 200 164 "http://localhost:3000/" "Mozilla/5.0 (Macintosh; Intel Mac OS X 10_13_4) AppleWebKit/537.36 (KHTML, like Gecko) Chrome/66.0.3359.139 Safari/537.36"
::1 - - [10/May/2018:00:05:29 +0000] "GET /entries HTTP/1.1" 200 1390 "http://localhost:3000/" "Mozilla/5.0 (Macintosh; Intel Mac OS X 10_13_4) AppleWebKit/537.36 (KHTML, like Gecko) Chrome/66.0.3359.139 Safari/537.36"
::1 - - [10/May/2018:00:06:41 +0000] "GET / HTTP/1.1" 404 139 "-" "Mozilla/5.0 (Macintosh; Intel Mac OS X 10_13_4) AppleWebKit/537.36 (KHTML, like Gecko) Chrome/66.0.3359.139 Safari/537.36"
::1 - - [10/May/2018:00:07:35 +0000] "GET / HTTP/1.1" 302 60 "-" "Mozilla/5.0 (Macintosh; Intel Mac OS X 10_13_4) AppleWebKit/537.36 (KHTML, like Gecko) Chrome/66.0.3359.139 Safari/537.36"
::1 - - [10/May/2018:00:07:35 +0000] "GET /entries HTTP/1.1" 404 146 "-" "Mozilla/5.0 (Macintosh; Intel Mac OS X 10_13_4) AppleWebKit/537.36 (KHTML, like Gecko) Chrome/66.0.3359.139 Safari/537.36"
::1 - - [10/May/2018:00:08:05 +0000] "GET /entries HTTP/1.1" 200 1390 "-" "Mozilla/5.0 (Macintosh; Intel Mac OS X 10_13_4) AppleWebKit/537.36 (KHTML, like Gecko) Chrome/66.0.3359.139 Safari/537.36"
::1 - - [12/May/2018:22:07:54 +0000] "GET /entries HTTP/1.1" 304 - "http://localhost:3000/" "Mozilla/5.0 (Macintosh; Intel Mac OS X 10_13_4) AppleWebKit/537.36 (KHTML, like Gecko) Chrome/66.0.3359.139 Safari/537.36"
::1 - - [12/May/2018:22:08:58 +0000] "GET /entries HTTP/1.1" 304 - "http://localhost:3000/" "Mozilla/5.0 (Macintosh; Intel Mac OS X 10_13_4) AppleWebKit/537.36 (KHTML, like Gecko) Chrome/66.0.3359.139 Safari/537.36"
::1 - - [12/May/2018:22:09:03 +0000] "GET /entries HTTP/1.1" 304 - "http://localhost:3000/" "Mozilla/5.0 (Macintosh; Intel Mac OS X 10_13_4) AppleWebKit/537.36 (KHTML, like Gecko) Chrome/66.0.3359.139 Safari/537.36"
::1 - - [12/May/2018:22:10:32 +0000] "GET /entries HTTP/1.1" 304 - "http://localhost:3000/" "Mozilla/5.0 (Macintosh; Intel Mac OS X 10_13_4) AppleWebKit/537.36 (KHTML, like Gecko) Chrome/66.0.3359.139 Safari/537.36"
::1 - - [12/May/2018:22:11:12 +0000] "GET /entries HTTP/1.1" 304 - "http://localhost:3000/" "Mozilla/5.0 (Macintosh; Intel Mac OS X 10_13_4) AppleWebKit/537.36 (KHTML, like Gecko) Chrome/66.0.3359.139 Safari/537.36"
::1 - - [12/May/2018:22:11:15 +0000] "GET /entries HTTP/1.1" 304 - "http://localhost:3000/" "Mozilla/5.0 (Macintosh; Intel Mac OS X 10_13_4) AppleWebKit/537.36 (KHTML, like Gecko) Chrome/66.0.3359.139 Safari/537.36"
::1 - - [12/May/2018:22:12:05 +0000] "GET /entries HTTP/1.1" 304 - "http://localhost:3000/" "Mozilla/5.0 (Macintosh; Intel Mac OS X 10_13_4) AppleWebKit/537.36 (KHTML, like Gecko) Chrome/66.0.3359.139 Safari/537.36"
::1 - - [12/May/2018:22:12:32 +0000] "GET /entries HTTP/1.1" 304 - "http://localhost:3000/" "Mozilla/5.0 (Macintosh; Intel Mac OS X 10_13_4) AppleWebKit/537.36 (KHTML, like Gecko) Chrome/66.0.3359.139 Safari/537.36"
::1 - - [12/May/2018:22:12:34 +0000] "GET /entries HTTP/1.1" 304 - "http://localhost:3000/" "Mozilla/5.0 (Macintosh; Intel Mac OS X 10_13_4) AppleWebKit/537.36 (KHTML, like Gecko) Chrome/66.0.3359.139 Safari/537.36"
::1 - - [12/May/2018:22:14:12 +0000] "GET /entries HTTP/1.1" 304 - "http://localhost:3000/" "Mozilla/5.0 (Macintosh; Intel Mac OS X 10_13_4) AppleWebKit/537.36 (KHTML, like Gecko) Chrome/66.0.3359.139 Safari/537.36"
::1 - - [12/May/2018:22:14:17 +0000] "GET /entries HTTP/1.1" 304 - "http://localhost:3000/" "Mozilla/5.0 (Macintosh; Intel Mac OS X 10_13_4) AppleWebKit/537.36 (KHTML, like Gecko) Chrome/66.0.3359.139 Safari/537.36"
::1 - - [12/May/2018:22:16:03 +0000] "GET /entries HTTP/1.1" 304 - "http://localhost:3000/" "Mozilla/5.0 (Macintosh; Intel Mac OS X 10_13_4) AppleWebKit/537.36 (KHTML, like Gecko) Chrome/66.0.3359.139 Safari/537.36"
::1 - - [12/May/2018:22:19:23 +0000] "GET /entries HTTP/1.1" 304 - "http://localhost:3000/" "Mozilla/5.0 (Macintosh; Intel Mac OS X 10_13_4) AppleWebKit/537.36 (KHTML, like Gecko) Chrome/66.0.3359.139 Safari/537.36"
::1 - - [12/May/2018:22:19:27 +0000] "GET /entries HTTP/1.1" 304 - "http://localhost:3000/" "Mozilla/5.0 (Macintosh; Intel Mac OS X 10_13_4) AppleWebKit/537.36 (KHTML, like Gecko) Chrome/66.0.3359.139 Safari/537.36"
::1 - - [12/May/2018:22:20:02 +0000] "GET /entries HTTP/1.1" 304 - "http://localhost:3000/" "Mozilla/5.0 (Macintosh; Intel Mac OS X 10_13_4) AppleWebKit/537.36 (KHTML, like Gecko) Chrome/66.0.3359.139 Safari/537.36"
::1 - - [12/May/2018:22:43:21 +0000] "GET /entries HTTP/1.1" 304 - "http://localhost:3000/" "Mozilla/5.0 (Macintosh; Intel Mac OS X 10_13_4) AppleWebKit/537.36 (KHTML, like Gecko) Chrome/66.0.3359.139 Safari/537.36"
::1 - - [12/May/2018:23:09:01 +0000] "GET /entries HTTP/1.1" 304 - "http://localhost:3000/" "Mozilla/5.0 (Macintosh; Intel Mac OS X 10_13_4) AppleWebKit/537.36 (KHTML, like Gecko) Chrome/66.0.3359.139 Safari/537.36"
::1 - - [12/May/2018:23:09:05 +0000] "GET /entries HTTP/1.1" 304 - "-" "Mozilla/5.0 (Macintosh; Intel Mac OS X 10_13_4) AppleWebKit/537.36 (KHTML, like Gecko) Chrome/66.0.3359.139 Safari/537.36"
::1 - - [12/May/2018:23:11:11 +0000] "OPTIONS /addEntry HTTP/1.1" 200 4 "http://localhost:3000/" "Mozilla/5.0 (Macintosh; Intel Mac OS X 10_13_4) AppleWebKit/537.36 (KHTML, like Gecko) Chrome/66.0.3359.139 Safari/537.36"
::1 - - [12/May/2018:23:11:11 +0000] "POST /addEntry HTTP/1.1" 200 160 "http://localhost:3000/" "Mozilla/5.0 (Macintosh; Intel Mac OS X 10_13_4) AppleWebKit/537.36 (KHTML, like Gecko) Chrome/66.0.3359.139 Safari/537.36"
::1 - - [12/May/2018:23:11:11 +0000] "GET /entries HTTP/1.1" 200 1551 "http://localhost:3000/" "Mozilla/5.0 (Macintosh; Intel Mac OS X 10_13_4) AppleWebKit/537.36 (KHTML, like Gecko) Chrome/66.0.3359.139 Safari/537.36"
::1 - - [12/May/2018:23:11:19 +0000] "OPTIONS /updateEntry HTTP/1.1" 200 3 "http://localhost:3000/" "Mozilla/5.0 (Macintosh; Intel Mac OS X 10_13_4) AppleWebKit/537.36 (KHTML, like Gecko) Chrome/66.0.3359.139 Safari/537.36"
::1 - - [12/May/2018:23:11:19 +0000] "PUT /updateEntry HTTP/1.1" 200 160 "http://localhost:3000/" "Mozilla/5.0 (Macintosh; Intel Mac OS X 10_13_4) AppleWebKit/537.36 (KHTML, like Gecko) Chrome/66.0.3359.139 Safari/537.36"
::1 - - [12/May/2018:23:11:19 +0000] "GET /entries HTTP/1.1" 200 1555 "http://localhost:3000/" "Mozilla/5.0 (Macintosh; Intel Mac OS X 10_13_4) AppleWebKit/537.36 (KHTML, like Gecko) Chrome/66.0.3359.139 Safari/537.36"
::1 - - [12/May/2018:23:11:21 +0000] "OPTIONS /deleteEntry HTTP/1.1" 200 6 "http://localhost:3000/" "Mozilla/5.0 (Macintosh; Intel Mac OS X 10_13_4) AppleWebKit/537.36 (KHTML, like Gecko) Chrome/66.0.3359.139 Safari/537.36"
::1 - - [12/May/2018:23:11:21 +0000] "DELETE /deleteEntry HTTP/1.1" 200 164 "http://localhost:3000/" "Mozilla/5.0 (Macintosh; Intel Mac OS X 10_13_4) AppleWebKit/537.36 (KHTML, like Gecko) Chrome/66.0.3359.139 Safari/537.36"
::1 - - [12/May/2018:23:11:21 +0000] "GET /entries HTTP/1.1" 200 1390 "http://localhost:3000/" "Mozilla/5.0 (Macintosh; Intel Mac OS X 10_13_4) AppleWebKit/537.36 (KHTML, like Gecko) Chrome/66.0.3359.139 Safari/537.36"
